<?xml version="1.0" encoding="UTF-8"?>
<testng-results ignored="0" total="1" passed="1" failed="0" skipped="0">
  <reporter-output>
  </reporter-output>
  <suite started-at="2021-12-01T16:46:06 CST" name="Default suite" finished-at="2021-12-01T16:47:52 CST" duration-ms="105550">
    <groups>
    </groups>
    <test started-at="2021-12-01T16:46:06 CST" name="Default test" finished-at="2021-12-01T16:47:52 CST" duration-ms="105550">
      <class name="test.TestPageAltaVehi">
        <test-method is-config="true" signature="Inicializar()[pri:0, instance:test.TestPageAltaVehi@6e0f5f7f]" started-at="2021-12-01T16:46:06 CST" name="Inicializar" finished-at="2021-12-01T16:46:12 CST" duration-ms="5423" status="PASS">
          <reporter-output>
          </reporter-output>
        </test-method> <!-- Inicializar -->
        <test-method signature="Test()[pri:0, instance:test.TestPageAltaVehi@6e0f5f7f]" started-at="2021-12-01T16:46:12 CST" name="Test" finished-at="2021-12-01T16:47:52 CST" duration-ms="100073" status="PASS">
          <reporter-output>
          </reporter-output>
        </test-method> <!-- Test -->
      </class> <!-- test.TestPageAltaVehi -->
    </test> <!-- Default test -->
  </suite> <!-- Default suite -->
</testng-results>
